<?xml version="1.0" encoding="UTF-8"?>
<testng-results skipped="0" failed="0" total="1" passed="1">
  <reporter-output>
  </reporter-output>
  <suite name="Default suite" duration-ms="297" started-at="2018-03-26T20:03:56Z" finished-at="2018-03-26T20:03:56Z">
    <groups>
      <group name="cucumber">
        <method signature="CreateActivityRunner.feature(cucumber.api.testng.CucumberFeatureWrapper)[pri:0, instance:com.ai.qa.runners.CreateActivityRunner@72d1ad2e]" name="feature" class="com.ai.qa.runners.CreateActivityRunner"/>
      </group> <!-- cucumber -->
    </groups>
    <test name="Default test" duration-ms="297" started-at="2018-03-26T20:03:56Z" finished-at="2018-03-26T20:03:56Z">
      <class name="com.ai.qa.runners.CreateActivityRunner">
        <test-method status="PASS" signature="setUpClass()[pri:0, instance:com.ai.qa.runners.CreateActivityRunner@72d1ad2e]" name="setUpClass" is-config="true" duration-ms="156" started-at="2018-03-26T13:03:56Z" finished-at="2018-03-26T13:03:56Z">
          <reporter-output>
          </reporter-output>
        </test-method> <!-- setUpClass -->
        <test-method status="PASS" signature="feature(cucumber.api.testng.CucumberFeatureWrapper)[pri:0, instance:com.ai.qa.runners.CreateActivityRunner@72d1ad2e]" name="feature" duration-ms="78" started-at="2018-03-26T13:03:56Z" description="Runs Cucumber Feature" data-provider="features" finished-at="2018-03-26T13:03:56Z">
          <params>
            <param index="0">
              <value>
                <![CDATA[Login to Qaonair]]>
              </value>
            </param>
          </params>
          <reporter-output>
          </reporter-output>
        </test-method> <!-- feature -->
        <test-method status="PASS" signature="tearDownClass()[pri:0, instance:com.ai.qa.runners.CreateActivityRunner@72d1ad2e]" name="tearDownClass" is-config="true" duration-ms="0" started-at="2018-03-26T13:03:56Z" finished-at="2018-03-26T13:03:56Z">
          <reporter-output>
          </reporter-output>
        </test-method> <!-- tearDownClass -->
      </class> <!-- com.ai.qa.runners.CreateActivityRunner -->
    </test> <!-- Default test -->
  </suite> <!-- Default suite -->
</testng-results>
